This is pdfTeX, Version 3.14159265-2.6-1.40.17 (TeX Live 2016) (preloaded format=pdflatex 2017.2.14)  6 DEC 2019 23:37
entering extended mode
 restricted \write18 enabled.
 file:line:error style messages enabled.
 %&-line parsing enabled.
**Report_Vacci-Nation.tex
(./Report_Vacci-Nation.tex
LaTeX2e <2016/03/31>
Babel <3.9r> and hyphenation patterns for 83 language(s) loaded.
(/usr/local/texlive/2016/texmf-dist/tex/latex/base/article.cls
Document Class: article 2014/09/29 v1.4h Standard LaTeX document class
(/usr/local/texlive/2016/texmf-dist/tex/latex/base/size11.clo
File: size11.clo 2014/09/29 v1.4h Standard LaTeX file (size option)
)
\c@part=\count79
\c@section=\count80
\c@subsection=\count81
\c@subsubsection=\count82
\c@paragraph=\count83
\c@subparagraph=\count84
\c@figure=\count85
\c@table=\count86
\abovecaptionskip=\skip41
\belowcaptionskip=\skip42
\bibindent=\dimen102
)
(/usr/local/texlive/2016/texmf-dist/tex/latex/geometry/geometry.sty
Package: geometry 2010/09/12 v5.6 Page Geometry

(/usr/local/texlive/2016/texmf-dist/tex/latex/graphics/keyval.sty
Package: keyval 2014/10/28 v1.15 key=value parser (DPC)
\KV@toks@=\toks14
)
(/usr/local/texlive/2016/texmf-dist/tex/generic/oberdiek/ifpdf.sty
Package: ifpdf 2016/05/14 v3.1 Provides the ifpdf switch
)
(/usr/local/texlive/2016/texmf-dist/tex/generic/oberdiek/ifvtex.sty
Package: ifvtex 2016/05/16 v1.6 Detect VTeX and its facilities (HO)
Package ifvtex Info: VTeX not detected.
)
(/usr/local/texlive/2016/texmf-dist/tex/generic/ifxetex/ifxetex.sty
Package: ifxetex 2010/09/12 v0.6 Provides ifxetex conditional
)
\Gm@cnth=\count87
\Gm@cntv=\count88
\c@Gm@tempcnt=\count89
\Gm@bindingoffset=\dimen103
\Gm@wd@mp=\dimen104
\Gm@odd@mp=\dimen105
\Gm@even@mp=\dimen106
\Gm@layoutwidth=\dimen107
\Gm@layoutheight=\dimen108
\Gm@layouthoffset=\dimen109
\Gm@layoutvoffset=\dimen110
\Gm@dimlist=\toks15
)
(/usr/local/texlive/2016/texmf-dist/tex/latex/base/inputenc.sty
Package: inputenc 2015/03/17 v1.2c Input encoding file
\inpenc@prehook=\toks16
\inpenc@posthook=\toks17

(/usr/local/texlive/2016/texmf-dist/tex/latex/base/latin1.def
File: latin1.def 2015/03/17 v1.2c Input encoding file
))
(/usr/local/texlive/2016/texmf-dist/tex/latex/hyperref/hyperref.sty
Package: hyperref 2016/05/05 v6.83n Hypertext links for LaTeX

(/usr/local/texlive/2016/texmf-dist/tex/generic/oberdiek/hobsub-hyperref.sty
Package: hobsub-hyperref 2016/05/16 v1.14 Bundle oberdiek, subset hyperref (HO)


(/usr/local/texlive/2016/texmf-dist/tex/generic/oberdiek/hobsub-generic.sty
Package: hobsub-generic 2016/05/16 v1.14 Bundle oberdiek, subset generic (HO)
Package: hobsub 2016/05/16 v1.14 Construct package bundles (HO)
Package: infwarerr 2016/05/16 v1.4 Providing info/warning/error messages (HO)
Package: ltxcmds 2016/05/16 v1.23 LaTeX kernel commands for general use (HO)
Package: ifluatex 2016/05/16 v1.4 Provides the ifluatex switch (HO)
Package ifluatex Info: LuaTeX not detected.
Package hobsub Info: Skipping package `ifvtex' (already loaded).
Package: intcalc 2016/05/16 v1.2 Expandable calculations with integers (HO)
Package hobsub Info: Skipping package `ifpdf' (already loaded).
Package: etexcmds 2016/05/16 v1.6 Avoid name clashes with e-TeX commands (HO)
Package etexcmds Info: Could not find \expanded.
(etexcmds)             That can mean that you are not using pdfTeX 1.50 or
(etexcmds)             that some package has redefined \expanded.
(etexcmds)             In the latter case, load this package earlier.
Package: kvsetkeys 2016/05/16 v1.17 Key value parser (HO)
Package: kvdefinekeys 2016/05/16 v1.4 Define keys (HO)
Package: pdftexcmds 2016/05/10 v0.21 Utility functions of pdfTeX for LuaTeX (HO
)
Package pdftexcmds Info: LuaTeX not detected.
Package pdftexcmds Info: \pdf@primitive is available.
Package pdftexcmds Info: \pdf@ifprimitive is available.
Package pdftexcmds Info: \pdfdraftmode found.
Package: pdfescape 2016/05/16 v1.14 Implements pdfTeX's escape features (HO)
Package: bigintcalc 2016/05/16 v1.4 Expandable calculations on big integers (HO
)
Package: bitset 2016/05/16 v1.2 Handle bit-vector datatype (HO)
Package: uniquecounter 2016/05/16 v1.3 Provide unlimited unique counter (HO)
)
Package hobsub Info: Skipping package `hobsub' (already loaded).
Package: letltxmacro 2016/05/16 v1.5 Let assignment for LaTeX macros (HO)
Package: hopatch 2016/05/16 v1.3 Wrapper for package hooks (HO)
Package: xcolor-patch 2016/05/16 xcolor patch
Package: atveryend 2016/05/16 v1.9 Hooks at the very end of document (HO)
Package atveryend Info: \enddocument detected (standard20110627).
Package: atbegshi 2016/05/16 v1.17 At begin shipout hook (HO)
Package: refcount 2016/05/16 v3.5 Data extraction from label references (HO)
Package: hycolor 2016/05/16 v1.8 Color options for hyperref/bookmark (HO)
)
(/usr/local/texlive/2016/texmf-dist/tex/latex/oberdiek/auxhook.sty
Package: auxhook 2016/05/16 v1.4 Hooks for auxiliary files (HO)
)
(/usr/local/texlive/2016/texmf-dist/tex/latex/oberdiek/kvoptions.sty
Package: kvoptions 2016/05/16 v3.12 Key value format for package options (HO)
)
\@linkdim=\dimen111
\Hy@linkcounter=\count90
\Hy@pagecounter=\count91

(/usr/local/texlive/2016/texmf-dist/tex/latex/hyperref/pd1enc.def
File: pd1enc.def 2016/05/05 v6.83n Hyperref: PDFDocEncoding definition (HO)
)
\Hy@SavedSpaceFactor=\count92

(/usr/local/texlive/2016/texmf-dist/tex/latex/latexconfig/hyperref.cfg
File: hyperref.cfg 2002/06/06 v1.2 hyperref configuration of TeXLive
)
Package hyperref Info: Option `colorlinks' set `true' on input line 4322.
Package hyperref Info: Hyper figures OFF on input line 4446.
Package hyperref Info: Link nesting OFF on input line 4451.
Package hyperref Info: Hyper index ON on input line 4454.
Package hyperref Info: Plain pages OFF on input line 4461.
Package hyperref Info: Backreferencing OFF on input line 4466.
Package hyperref Info: Implicit mode ON; LaTeX internals redefined.
Package hyperref Info: Bookmarks ON on input line 4691.
\c@Hy@tempcnt=\count93

(/usr/local/texlive/2016/texmf-dist/tex/latex/url/url.sty
\Urlmuskip=\muskip10
Package: url 2013/09/16  ver 3.4  Verb mode for urls, etc.
)
LaTeX Info: Redefining \url on input line 5044.
\XeTeXLinkMargin=\dimen112
\Fld@menulength=\count94
\Field@Width=\dimen113
\Fld@charsize=\dimen114
Package hyperref Info: Hyper figures OFF on input line 6298.
Package hyperref Info: Link nesting OFF on input line 6303.
Package hyperref Info: Hyper index ON on input line 6306.
Package hyperref Info: backreferencing OFF on input line 6313.
Package hyperref Info: Link coloring ON on input line 6316.
Package hyperref Info: Link coloring with OCG OFF on input line 6323.
Package hyperref Info: PDF/A mode OFF on input line 6328.
LaTeX Info: Redefining \ref on input line 6368.
LaTeX Info: Redefining \pageref on input line 6372.
\Hy@abspage=\count95
\c@Item=\count96
\c@Hfootnote=\count97
)

Package hyperref Message: Driver (autodetected): hpdftex.

(/usr/local/texlive/2016/texmf-dist/tex/latex/hyperref/hpdftex.def
File: hpdftex.def 2016/05/05 v6.83n Hyperref driver for pdfTeX
\Fld@listcount=\count98
\c@bookmark@seq@number=\count99

(/usr/local/texlive/2016/texmf-dist/tex/latex/oberdiek/rerunfilecheck.sty
Package: rerunfilecheck 2016/05/16 v1.8 Rerun checks for auxiliary files (HO)
Package uniquecounter Info: New unique counter `rerunfilecheck' on input line 2
82.
)
\Hy@SectionHShift=\skip43
)
(/usr/local/texlive/2016/texmf-dist/tex/latex/tocbibind/tocbibind.sty
Package: tocbibind 2010/10/13 v1.5k extra ToC listings
Package tocbibind Info: The document has section divisions on input line 50.


Package tocbibind Note: Using section or other style headings.

) (/usr/local/texlive/2016/texmf-dist/tex/latex/graphics/graphicx.sty
Package: graphicx 2014/10/28 v1.0g Enhanced LaTeX Graphics (DPC,SPQR)

(/usr/local/texlive/2016/texmf-dist/tex/latex/graphics/graphics.sty
Package: graphics 2016/05/09 v1.0r Standard LaTeX Graphics (DPC,SPQR)

(/usr/local/texlive/2016/texmf-dist/tex/latex/graphics/trig.sty
Package: trig 2016/01/03 v1.10 sin cos tan (DPC)
)
(/usr/local/texlive/2016/texmf-dist/tex/latex/graphics-cfg/graphics.cfg
File: graphics.cfg 2016/01/02 v1.10 sample graphics configuration
)
Package graphics Info: Driver file: pdftex.def on input line 96.

(/usr/local/texlive/2016/texmf-dist/tex/latex/pdftex-def/pdftex.def
File: pdftex.def 2011/05/27 v0.06d Graphics/color for pdfTeX
\Gread@gobject=\count100
))
\Gin@req@height=\dimen115
\Gin@req@width=\dimen116
)
(/usr/local/texlive/2016/texmf-dist/tex/latex/amsfonts/amssymb.sty
Package: amssymb 2013/01/14 v3.01 AMS font symbols

(/usr/local/texlive/2016/texmf-dist/tex/latex/amsfonts/amsfonts.sty
Package: amsfonts 2013/01/14 v3.01 Basic AMSFonts support
\@emptytoks=\toks18
\symAMSa=\mathgroup4
\symAMSb=\mathgroup5
LaTeX Font Info:    Overwriting math alphabet `\mathfrak' in version `bold'
(Font)                  U/euf/m/n --> U/euf/b/n on input line 106.
))
(/usr/local/texlive/2016/texmf-dist/tex/latex/oberdiek/epstopdf.sty
Package: epstopdf 2016/05/15 v2.6 Conversion with epstopdf on the fly (HO)

(/usr/local/texlive/2016/texmf-dist/tex/latex/oberdiek/epstopdf-base.sty
Package: epstopdf-base 2016/05/15 v2.6 Base part for package epstopdf

(/usr/local/texlive/2016/texmf-dist/tex/latex/oberdiek/grfext.sty
Package: grfext 2016/05/16 v1.2 Manage graphics extensions (HO)
)
Package grfext Info: Graphics extension search list:
(grfext)             [.png,.pdf,.jpg,.mps,.jpeg,.jbig2,.jb2,.PNG,.PDF,.JPG,.JPE
G,.JBIG2,.JB2,.eps]
(grfext)             \AppendGraphicsExtensions on input line 456.

(/usr/local/texlive/2016/texmf-dist/tex/latex/latexconfig/epstopdf-sys.cfg
File: epstopdf-sys.cfg 2010/07/13 v1.3 Configuration of (r)epstopdf for TeX Liv
e
)))
(/usr/local/texlive/2016/texmf-dist/tex/latex/natbib/natbib.sty
Package: natbib 2010/09/13 8.31b (PWD, AO)
\bibhang=\skip44
\bibsep=\skip45
LaTeX Info: Redefining \cite on input line 694.
\c@NAT@ctr=\count101
)
(/usr/local/texlive/2016/texmf-dist/tex/latex/amsmath/amsmath.sty
Package: amsmath 2016/03/10 v2.15b AMS math features
\@mathmargin=\skip46

For additional information on amsmath, use the `?' option.
(/usr/local/texlive/2016/texmf-dist/tex/latex/amsmath/amstext.sty
Package: amstext 2000/06/29 v2.01 AMS text

(/usr/local/texlive/2016/texmf-dist/tex/latex/amsmath/amsgen.sty
File: amsgen.sty 1999/11/30 v2.0 generic functions
\@emptytoks=\toks19
\ex@=\dimen117
))
(/usr/local/texlive/2016/texmf-dist/tex/latex/amsmath/amsbsy.sty
Package: amsbsy 1999/11/29 v1.2d Bold Symbols
\pmbraise@=\dimen118
)
(/usr/local/texlive/2016/texmf-dist/tex/latex/amsmath/amsopn.sty
Package: amsopn 2016/03/08 v2.02 operator names
)
\inf@bad=\count102
LaTeX Info: Redefining \frac on input line 199.
\uproot@=\count103
\leftroot@=\count104
LaTeX Info: Redefining \overline on input line 297.
\classnum@=\count105
\DOTSCASE@=\count106
LaTeX Info: Redefining \ldots on input line 394.
LaTeX Info: Redefining \dots on input line 397.
LaTeX Info: Redefining \cdots on input line 518.
\Mathstrutbox@=\box26
\strutbox@=\box27
\big@size=\dimen119
LaTeX Font Info:    Redeclaring font encoding OML on input line 634.
LaTeX Font Info:    Redeclaring font encoding OMS on input line 635.
\macc@depth=\count107
\c@MaxMatrixCols=\count108
\dotsspace@=\muskip11
\c@parentequation=\count109
\dspbrk@lvl=\count110
\tag@help=\toks20
\row@=\count111
\column@=\count112
\maxfields@=\count113
\andhelp@=\toks21
\eqnshift@=\dimen120
\alignsep@=\dimen121
\tagshift@=\dimen122
\tagwidth@=\dimen123
\totwidth@=\dimen124
\lineht@=\dimen125
\@envbody=\toks22
\multlinegap=\skip47
\multlinetaggap=\skip48
\mathdisplay@stack=\toks23
LaTeX Info: Redefining \[ on input line 2739.
LaTeX Info: Redefining \] on input line 2740.
)
(/usr/local/texlive/2016/texmf-dist/tex/latex/caption/caption.sty
Package: caption 2016/02/21 v3.3-144 Customizing captions (AR)

(/usr/local/texlive/2016/texmf-dist/tex/latex/caption/caption3.sty
Package: caption3 2016/02/04 v1.7-139 caption3 kernel (AR)
Package caption3 Info: TeX engine: e-TeX on input line 67.
\captionmargin=\dimen126
\captionmargin@=\dimen127
\captionwidth=\dimen128
\caption@tempdima=\dimen129
\caption@indent=\dimen130
\caption@parindent=\dimen131
\caption@hangindent=\dimen132
)
\c@ContinuedFloat=\count114
Package caption Info: hyperref package is loaded.
)
(/usr/local/texlive/2016/texmf-dist/tex/latex/caption/subcaption.sty
Package: subcaption 2016/02/20 v1.1-142 Sub-captions (AR)
\c@subfigure=\count115
\c@subtable=\count116
)
(/usr/local/texlive/2016/texmf-dist/tex/latex/sttools/floatpag.sty
Package: floatpag 2012/05/29 v1.1 Different pagestyles on float pages
Package: floatpag 1999/04/29 FLOAT PAGESTYLE
)
(./Report_Vacci-Nation.aux)
\openout1 = `Report_Vacci-Nation.aux'.

LaTeX Font Info:    Checking defaults for OML/cmm/m/it on input line 27.
LaTeX Font Info:    ... okay on input line 27.
LaTeX Font Info:    Checking defaults for T1/cmr/m/n on input line 27.
LaTeX Font Info:    ... okay on input line 27.
LaTeX Font Info:    Checking defaults for OT1/cmr/m/n on input line 27.
LaTeX Font Info:    ... okay on input line 27.
LaTeX Font Info:    Checking defaults for OMS/cmsy/m/n on input line 27.
LaTeX Font Info:    ... okay on input line 27.
LaTeX Font Info:    Checking defaults for OMX/cmex/m/n on input line 27.
LaTeX Font Info:    ... okay on input line 27.
LaTeX Font Info:    Checking defaults for U/cmr/m/n on input line 27.
LaTeX Font Info:    ... okay on input line 27.
LaTeX Font Info:    Checking defaults for PD1/pdf/m/n on input line 27.
LaTeX Font Info:    ... okay on input line 27.

*geometry* driver: auto-detecting
*geometry* detected driver: pdftex
*geometry* verbose mode - [ preamble ] result:
* driver: pdftex
* paper: a4paper
* layout: <same size as paper>
* layoutoffset:(h,v)=(0.0pt,0.0pt)
* modes: 
* h-part:(L,W,R)=(89.62709pt, 418.25368pt, 89.6271pt)
* v-part:(T,H,B)=(101.40665pt, 591.5302pt, 152.11pt)
* \paperwidth=597.50787pt
* \paperheight=845.04684pt
* \textwidth=418.25368pt
* \textheight=591.5302pt
* \oddsidemargin=17.3571pt
* \evensidemargin=17.3571pt
* \topmargin=-7.86334pt
* \headheight=12.0pt
* \headsep=25.0pt
* \topskip=11.0pt
* \footskip=30.0pt
* \marginparwidth=59.0pt
* \marginparsep=10.0pt
* \columnsep=10.0pt
* \skip\footins=10.0pt plus 4.0pt minus 2.0pt
* \hoffset=0.0pt
* \voffset=0.0pt
* \mag=1000
* \@twocolumnfalse
* \@twosidefalse
* \@mparswitchfalse
* \@reversemarginfalse
* (1in=72.27pt=25.4mm, 1cm=28.453pt)

\AtBeginShipoutBox=\box28
(/usr/local/texlive/2016/texmf-dist/tex/latex/graphics/color.sty
Package: color 2016/05/09 v1.1c Standard LaTeX Color (DPC)

(/usr/local/texlive/2016/texmf-dist/tex/latex/graphics-cfg/color.cfg
File: color.cfg 2016/01/02 v1.6 sample color configuration
)
Package color Info: Driver file: pdftex.def on input line 144.
)
Package hyperref Info: Link coloring ON on input line 27.

(/usr/local/texlive/2016/texmf-dist/tex/latex/hyperref/nameref.sty
Package: nameref 2012/10/27 v2.43 Cross-referencing by name of section

(/usr/local/texlive/2016/texmf-dist/tex/generic/oberdiek/gettitlestring.sty
Package: gettitlestring 2016/05/16 v1.5 Cleanup title references (HO)
)
\c@section@level=\count117
)
LaTeX Info: Redefining \ref on input line 27.
LaTeX Info: Redefining \pageref on input line 27.
LaTeX Info: Redefining \nameref on input line 27.

(./Report_Vacci-Nation.out) (./Report_Vacci-Nation.out)
\@outlinefile=\write3
\openout3 = `Report_Vacci-Nation.out'.


(/usr/local/texlive/2016/texmf-dist/tex/context/base/mkii/supp-pdf.mkii
[Loading MPS to PDF converter (version 2006.09.02).]
\scratchcounter=\count118
\scratchdimen=\dimen133
\scratchbox=\box29
\nofMPsegments=\count119
\nofMParguments=\count120
\everyMPshowfont=\toks24
\MPscratchCnt=\count121
\MPscratchDim=\dimen134
\MPnumerator=\count122
\makeMPintoPDFobject=\count123
\everyMPtoPDFconversion=\toks25
)
Package caption Info: Begin \AtBeginDocument code.
Package caption Info: End \AtBeginDocument code.


! LaTeX Error: File `cover.tex' not found.

Type X to quit or <RETURN> to proceed,
or enter new name. (Default extension: tex)

Enter file name: s
(/usr/local/texlive/2016/texmf-dist/tex/latex/tools/s.tex File ignored
)
</Users/JuliusSiebenaller/Desktop/Vacci-Nation/Report/ETHlogo.pdf, id=60, 179.6
7125pt x 45.16875pt>
File: /Users/JuliusSiebenaller/Desktop/Vacci-Nation/Report/ETHlogo.pdf Graphic 
file (type pdf)

<use /Users/JuliusSiebenaller/Desktop/Vacci-Nation/Report/ETHlogo.pdf>
Package pdftex.def Info: /Users/JuliusSiebenaller/Desktop/Vacci-Nation/Report/E
THlogo.pdf used on input line 34.
(pdftex.def)             Requested size: 142.26378pt x 35.76698pt.
 [1

{/usr/local/texlive/2016/texmf-var/fonts/map/pdftex/updmap/pdftex.map} </Users/
JuliusSiebenaller/Desktop/Vacci-Nation/Report/ETHlogo.pdf>]
LaTeX Font Info:    Try loading font information for U+msa on input line 72.

(/usr/local/texlive/2016/texmf-dist/tex/latex/amsfonts/umsa.fd
File: umsa.fd 2013/01/14 v3.01 AMS symbols A
)
LaTeX Font Info:    Try loading font information for U+msb on input line 72.

(/usr/local/texlive/2016/texmf-dist/tex/latex/amsfonts/umsb.fd
File: umsb.fd 2013/01/14 v3.01 AMS symbols B
)
Overfull \hbox (36.9904pt too wide) in paragraph at lines 72--84
 [] 
 []


Overfull \hbox (36.9904pt too wide) in paragraph at lines 88--98
 [][] 
 []

[2] [3] (./Report_Vacci-Nation.toc)
\tf@toc=\write4
\openout4 = `Report_Vacci-Nation.toc'.

 [4

] [5

] [6] [7]
LaTeX Font Info:    Try loading font information for OMS+cmr on input line 191.


(/usr/local/texlive/2016/texmf-dist/tex/latex/base/omscmr.fd
File: omscmr.fd 2014/09/29 v2.5h Standard LaTeX font definitions
)
LaTeX Font Info:    Font shape `OMS/cmr/m/n' in size <12> not available
(Font)              Font shape `OMS/cmsy/m/n' tried instead on input line 191.
 [8] [9] [10]
[11]
./Report_Vacci-Nation.tex:313: Undefined control sequence.
l.313         \multirow
                       {p_{vacc}=0,} & \text{for }C_{v,k}>C_{notv,k} \\
The control sequence at the end of the top line
of your error message was never \def'ed. If you have
misspelled it (e.g., `\hobx'), type `I' and the correct
spelling (e.g., `I\hbox'). Otherwise just continue,
and I'll forget about whatever was undefined.

[12]

./Report_Vacci-Nation.tex:332: Package amsmath Error: Erroneous nesting of equa
tion structures;
(amsmath)                trying to recover with `aligned'.

See the amsmath package documentation for explanation.
Type  H <return>  for immediate help.
 ...                                              
                                                  
l.332 \end{align*}
                  
Try typing  <return>  to proceed.
If that doesn't work, type  X <return>  to quit.

./Report_Vacci-Nation.tex:332: Missing delimiter (. inserted).
<to be read again> 
                   }
l.332 \end{align*}
                  
I was expecting to see something like `(' or `\{' or
`\}' here. If you typed, e.g., `{' instead of `\{', you
should probably delete the `{' by typing `1' now, so that
braces don't get unbalanced. Otherwise just proceed.
Acceptable delimiters are characters whose \delcode is
nonnegative, or you can use `\delimiter <delimiter code>'.


./Report_Vacci-Nation.tex:335: LaTeX Error: Bad math environment delimiter.

See the LaTeX manual or LaTeX Companion for explanation.
Type  H <return>  for immediate help.
 ...                                              
                                                  
l.335 ...in{N}}p_{G}(i)=p_{G}(i)*n\). With \(n={\[
                                                  \|N\|}\) being the number ...

Your command was ignored.
Type  I <command> <return>  to replace it with another command,
or  <return>  to continue without it.

./Report_Vacci-Nation.tex:335: Extra }, or forgotten \endgroup.
l.335 ...p_{G}(i)=p_{G}(i)*n\). With \(n={\[\|N\|}
                                                  \) being the number of nod...
I've deleted a group-closing symbol because it seems to be
spurious, as in `$x}$'. But perhaps the } is legitimate and
you forgot something else, as in `\hbox{$x}'. In such cases
the way to recover is to insert both the forgotten and the
deleted material, e.g., by typing `I$}'.

./Report_Vacci-Nation.tex:335: Missing \endgroup inserted.
<inserted text> 
                \endgroup 
l.335 ...{G}(i)=p_{G}(i)*n\). With \(n={\[\|N\|}\)
                                                   being the number of nodes...
I've inserted something that you may have forgotten.
(See the <inserted text> above.)
With luck, this will get me unwedged. But if you
really didn't forget anything, try typing `2' now; then
my insertion and my current dilemma will both disappear.

./Report_Vacci-Nation.tex:335: Missing } inserted.
<inserted text> 
                }
l.335 ...{G}(i)=p_{G}(i)*n\). With \(n={\[\|N\|}\)
                                                   being the number of nodes...
I've inserted something that you may have forgotten.
(See the <inserted text> above.)
With luck, this will get me unwedged. But if you
really didn't forget anything, try typing `2' now; then
my insertion and my current dilemma will both disappear.


./Report_Vacci-Nation.tex:342: Package amsmath Error: Erroneous nesting of equa
tion structures;
(amsmath)                trying to recover with `aligned'.

See the amsmath package documentation for explanation.
Type  H <return>  for immediate help.
 ...                                              
                                                  
l.342 \end{align*}
                  
Try typing  <return>  to proceed.
If that doesn't work, type  X <return>  to quit.


./Report_Vacci-Nation.tex:342: LaTeX Error: Bad math environment delimiter.

See the LaTeX manual or LaTeX Companion for explanation.
Type  H <return>  for immediate help.
 ...                                              
                                                  
l.342 \end{align*}
                  
Your command was ignored.
Type  I <command> <return>  to replace it with another command,
or  <return>  to continue without it.

./Report_Vacci-Nation.tex:342: Missing delimiter (. inserted).
<to be read again> 
                   $
l.342 \end{align*}
                  
I was expecting to see something like `(' or `\{' or
`\}' here. If you typed, e.g., `{' instead of `\{', you
should probably delete the `{' by typing `1' now, so that
braces don't get unbalanced. Otherwise just proceed.
Acceptable delimiters are characters whose \delcode is
nonnegative, or you can use `\delimiter <delimiter code>'.

./Report_Vacci-Nation.tex:342: Missing } inserted.
<inserted text> 
                }
l.342 \end{align*}
                  
I've inserted something that you may have forgotten.
(See the <inserted text> above.)
With luck, this will get me unwedged. But if you
really didn't forget anything, try typing `2' now; then
my insertion and my current dilemma will both disappear.

./Report_Vacci-Nation.tex:342: Missing $ inserted.
<inserted text> 
                $
l.342 \end{align*}
                  
I've inserted a begin-math/end-math symbol since I think
you left one out. Proceed, with fingers crossed.

./Report_Vacci-Nation.tex:342: Missing { inserted.
<inserted text> 
                {
l.342 \end{align*}
                  
I've put in what seems to be necessary to fix
the current column of the current alignment.
Try to go on, since this might almost work.

[13] [14] [15]

LaTeX Warning: Hyper reference `fig:4h' on page 16 undefined on input line 449.


[16] [17] [18]
</Users/JuliusSiebenaller/Desktop/Vacci-Nation/Report/Plots/pv1_1.png, id=350, 
642.4pt x 481.8pt>
File: /Users/JuliusSiebenaller/Desktop/Vacci-Nation/Report/Plots/pv1_1.png Grap
hic file (type png)

<use /Users/JuliusSiebenaller/Desktop/Vacci-Nation/Report/Plots/pv1_1.png>
Package pdftex.def Info: /Users/JuliusSiebenaller/Desktop/Vacci-Nation/Report/P
lots/pv1_1.png used on input line 473.
(pdftex.def)             Requested size: 188.21288pt x 141.15935pt.

</Users/JuliusSiebenaller/Desktop/Vacci-Nation/Report/Plots/pv1_2.png, id=351, 
642.4pt x 481.8pt>
File: /Users/JuliusSiebenaller/Desktop/Vacci-Nation/Report/Plots/pv1_2.png Grap
hic file (type png)

<use /Users/JuliusSiebenaller/Desktop/Vacci-Nation/Report/Plots/pv1_2.png>
Package pdftex.def Info: /Users/JuliusSiebenaller/Desktop/Vacci-Nation/Report/P
lots/pv1_2.png used on input line 479.
(pdftex.def)             Requested size: 188.21288pt x 141.15935pt.

</Users/JuliusSiebenaller/Desktop/Vacci-Nation/Report/Plots/pv2_1.png, id=352, 
642.4pt x 481.8pt>
File: /Users/JuliusSiebenaller/Desktop/Vacci-Nation/Report/Plots/pv2_1.png Grap
hic file (type png)

<use /Users/JuliusSiebenaller/Desktop/Vacci-Nation/Report/Plots/pv2_1.png>
Package pdftex.def Info: /Users/JuliusSiebenaller/Desktop/Vacci-Nation/Report/P
lots/pv2_1.png used on input line 489.
(pdftex.def)             Requested size: 188.21288pt x 141.15935pt.

</Users/JuliusSiebenaller/Desktop/Vacci-Nation/Report/Plots/pv2_2.png, id=353, 
642.4pt x 481.8pt>
File: /Users/JuliusSiebenaller/Desktop/Vacci-Nation/Report/Plots/pv2_2.png Grap
hic file (type png)

<use /Users/JuliusSiebenaller/Desktop/Vacci-Nation/Report/Plots/pv2_2.png>
Package pdftex.def Info: /Users/JuliusSiebenaller/Desktop/Vacci-Nation/Report/P
lots/pv2_2.png used on input line 495.
(pdftex.def)             Requested size: 188.21288pt x 141.15935pt.

</Users/JuliusSiebenaller/Desktop/Vacci-Nation/Report/Plots/T2cvs005cvt001.png,
 id=354, 462.528pt x 342.5598pt>
File: /Users/JuliusSiebenaller/Desktop/Vacci-Nation/Report/Plots/T2cvs005cvt001
.png Graphic file (type png)

<use /Users/JuliusSiebenaller/Desktop/Vacci-Nation/Report/Plots/T2cvs005cvt001.
png>
Package pdftex.def Info: /Users/JuliusSiebenaller/Desktop/Vacci-Nation/Report/P
lots/T2cvs005cvt001.png used on input line 507.
(pdftex.def)             Requested size: 188.21288pt x 139.39455pt.

./Report_Vacci-Nation.tex:508: Missing $ inserted.
<inserted text> 
                $
l.508 ...{\(T = 2, C_{v,S} = 0.05, C_{v,T} = 0.01}
                                                  
I've inserted a begin-math/end-math symbol since I think
you left one out. Proceed, with fingers crossed.

./Report_Vacci-Nation.tex:508: Missing $ inserted.
<inserted text> 
                $
l.508 ...{\(T = 2, C_{v,S} = 0.05, C_{v,T} = 0.01}
                                                  
I've inserted a begin-math/end-math symbol since I think
you left one out. Proceed, with fingers crossed.


</Users/JuliusSiebenaller/Desktop/Vacci-Nation/Report/Plots/T2cvs005cvt002.png,
 id=356, 462.528pt x 342.5598pt>
File: /Users/JuliusSiebenaller/Desktop/Vacci-Nation/Report/Plots/T2cvs005cvt002
.png Graphic file (type png)

<use /Users/JuliusSiebenaller/Desktop/Vacci-Nation/Report/Plots/T2cvs005cvt002.
png>
Package pdftex.def Info: /Users/JuliusSiebenaller/Desktop/Vacci-Nation/Report/P
lots/T2cvs005cvt002.png used on input line 512.
(pdftex.def)             Requested size: 188.21288pt x 139.39455pt.

./Report_Vacci-Nation.tex:513: Missing $ inserted.
<inserted text> 
                $
l.513 ...on{T = 2, C_{v,S} = 0.05, C_{v,T} = 0.02}
                                                  
I've inserted a begin-math/end-math symbol since I think
you left one out. Proceed, with fingers crossed.

./Report_Vacci-Nation.tex:513: Missing $ inserted.
<inserted text> 
                $
l.513 ...on{T = 2, C_{v,S} = 0.05, C_{v,T} = 0.02}
                                                  
I've inserted a begin-math/end-math symbol since I think
you left one out. Proceed, with fingers crossed.

./Report_Vacci-Nation.tex:513: Missing $ inserted.
<inserted text> 
                $
l.513 ...on{T = 2, C_{v,S} = 0.05, C_{v,T} = 0.02}
                                                  
I've inserted a begin-math/end-math symbol since I think
you left one out. Proceed, with fingers crossed.

./Report_Vacci-Nation.tex:513: Missing $ inserted.
<inserted text> 
                $
l.513 ...on{T = 2, C_{v,S} = 0.05, C_{v,T} = 0.02}
                                                  
I've inserted a begin-math/end-math symbol since I think
you left one out. Proceed, with fingers crossed.


</Users/JuliusSiebenaller/Desktop/Vacci-Nation/Report/Plots/T2cvs01cvt001.png, 
id=357, 462.528pt x 342.5598pt>
File: /Users/JuliusSiebenaller/Desktop/Vacci-Nation/Report/Plots/T2cvs01cvt001.
png Graphic file (type png)

<use /Users/JuliusSiebenaller/Desktop/Vacci-Nation/Report/Plots/T2cvs01cvt001.p
ng>
Package pdftex.def Info: /Users/JuliusSiebenaller/Desktop/Vacci-Nation/Report/P
lots/T2cvs01cvt001.png used on input line 517.
(pdftex.def)             Requested size: 188.21288pt x 139.39455pt.

./Report_Vacci-Nation.tex:518: Missing $ inserted.
<inserted text> 
                $
l.518 ...n{\(T = 2, C_{v,S} = 0.1, C_{v,T} = 0.01}
                                                  
I've inserted a begin-math/end-math symbol since I think
you left one out. Proceed, with fingers crossed.

./Report_Vacci-Nation.tex:518: Missing $ inserted.
<inserted text> 
                $
l.518 ...n{\(T = 2, C_{v,S} = 0.1, C_{v,T} = 0.01}
                                                  
I've inserted a begin-math/end-math symbol since I think
you left one out. Proceed, with fingers crossed.


</Users/JuliusSiebenaller/Desktop/Vacci-Nation/Report/Plots/T2cvs01cvt002.png, 
id=358, 462.528pt x 342.5598pt>
File: /Users/JuliusSiebenaller/Desktop/Vacci-Nation/Report/Plots/T2cvs01cvt002.
png Graphic file (type png)

<use /Users/JuliusSiebenaller/Desktop/Vacci-Nation/Report/Plots/T2cvs01cvt002.p
ng>
Package pdftex.def Info: /Users/JuliusSiebenaller/Desktop/Vacci-Nation/Report/P
lots/T2cvs01cvt002.png used on input line 522.
(pdftex.def)             Requested size: 188.21288pt x 139.39455pt.

./Report_Vacci-Nation.tex:523: Missing $ inserted.
<inserted text> 
                $
l.523 ...ion{T = 2, C_{v,S} = 0.1, C_{v,T} = 0.02}
                                                  
I've inserted a begin-math/end-math symbol since I think
you left one out. Proceed, with fingers crossed.

./Report_Vacci-Nation.tex:523: Missing $ inserted.
<inserted text> 
                $
l.523 ...ion{T = 2, C_{v,S} = 0.1, C_{v,T} = 0.02}
                                                  
I've inserted a begin-math/end-math symbol since I think
you left one out. Proceed, with fingers crossed.

./Report_Vacci-Nation.tex:523: Missing $ inserted.
<inserted text> 
                $
l.523 ...ion{T = 2, C_{v,S} = 0.1, C_{v,T} = 0.02}
                                                  
I've inserted a begin-math/end-math symbol since I think
you left one out. Proceed, with fingers crossed.

./Report_Vacci-Nation.tex:523: Missing $ inserted.
<inserted text> 
                $
l.523 ...ion{T = 2, C_{v,S} = 0.1, C_{v,T} = 0.02}
                                                  
I've inserted a begin-math/end-math symbol since I think
you left one out. Proceed, with fingers crossed.


</Users/JuliusSiebenaller/Desktop/Vacci-Nation/Report/Plots/T5cvs005cvt001.png,
 id=359, 462.528pt x 342.5598pt>
File: /Users/JuliusSiebenaller/Desktop/Vacci-Nation/Report/Plots/T5cvs005cvt001
.png Graphic file (type png)

<use /Users/JuliusSiebenaller/Desktop/Vacci-Nation/Report/Plots/T5cvs005cvt001.
png>
Package pdftex.def Info: /Users/JuliusSiebenaller/Desktop/Vacci-Nation/Report/P
lots/T5cvs005cvt001.png used on input line 527.
(pdftex.def)             Requested size: 188.21288pt x 139.39455pt.

./Report_Vacci-Nation.tex:528: Missing $ inserted.
<inserted text> 
                $
l.528 ...on{T = 5, C_{v,S} = 0.05, C_{v,T} = 0.01}
                                                  
I've inserted a begin-math/end-math symbol since I think
you left one out. Proceed, with fingers crossed.

./Report_Vacci-Nation.tex:528: Missing $ inserted.
<inserted text> 
                $
l.528 ...on{T = 5, C_{v,S} = 0.05, C_{v,T} = 0.01}
                                                  
I've inserted a begin-math/end-math symbol since I think
you left one out. Proceed, with fingers crossed.

./Report_Vacci-Nation.tex:528: Missing $ inserted.
<inserted text> 
                $
l.528 ...on{T = 5, C_{v,S} = 0.05, C_{v,T} = 0.01}
                                                  
I've inserted a begin-math/end-math symbol since I think
you left one out. Proceed, with fingers crossed.

./Report_Vacci-Nation.tex:528: Missing $ inserted.
<inserted text> 
                $
l.528 ...on{T = 5, C_{v,S} = 0.05, C_{v,T} = 0.01}
                                                  
I've inserted a begin-math/end-math symbol since I think
you left one out. Proceed, with fingers crossed.


</Users/JuliusSiebenaller/Desktop/Vacci-Nation/Report/Plots/T5cvs05cvt01.png, i
d=360, 462.528pt x 342.5598pt>
File: /Users/JuliusSiebenaller/Desktop/Vacci-Nation/Report/Plots/T5cvs05cvt01.p
ng Graphic file (type png)

<use /Users/JuliusSiebenaller/Desktop/Vacci-Nation/Report/Plots/T5cvs05cvt01.pn
g>
Package pdftex.def Info: /Users/JuliusSiebenaller/Desktop/Vacci-Nation/Report/P
lots/T5cvs05cvt01.png used on input line 532.
(pdftex.def)             Requested size: 188.21288pt x 139.39455pt.

./Report_Vacci-Nation.tex:533: Missing $ inserted.
<inserted text> 
                $
l.533 ...tion{T = 5, C_{v,S} = 0.5, C_{v,T} = 0.1}
                                                  
I've inserted a begin-math/end-math symbol since I think
you left one out. Proceed, with fingers crossed.

./Report_Vacci-Nation.tex:533: Missing $ inserted.
<inserted text> 
                $
l.533 ...tion{T = 5, C_{v,S} = 0.5, C_{v,T} = 0.1}
                                                  
I've inserted a begin-math/end-math symbol since I think
you left one out. Proceed, with fingers crossed.

./Report_Vacci-Nation.tex:533: Missing $ inserted.
<inserted text> 
                $
l.533 ...tion{T = 5, C_{v,S} = 0.5, C_{v,T} = 0.1}
                                                  
I've inserted a begin-math/end-math symbol since I think
you left one out. Proceed, with fingers crossed.

./Report_Vacci-Nation.tex:533: Missing $ inserted.
<inserted text> 
                $
l.533 ...tion{T = 5, C_{v,S} = 0.5, C_{v,T} = 0.1}
                                                  
I've inserted a begin-math/end-math symbol since I think
you left one out. Proceed, with fingers crossed.


</Users/JuliusSiebenaller/Desktop/Vacci-Nation/Report/Plots/T5cvs10cvt01.png, i
d=361, 462.528pt x 342.5598pt>
File: /Users/JuliusSiebenaller/Desktop/Vacci-Nation/Report/Plots/T5cvs10cvt01.p
ng Graphic file (type png)

<use /Users/JuliusSiebenaller/Desktop/Vacci-Nation/Report/Plots/T5cvs10cvt01.pn
g>
Package pdftex.def Info: /Users/JuliusSiebenaller/Desktop/Vacci-Nation/Report/P
lots/T5cvs10cvt01.png used on input line 537.
(pdftex.def)             Requested size: 188.21288pt x 139.39455pt.

./Report_Vacci-Nation.tex:538: Missing $ inserted.
<inserted text> 
                $
l.538 ...tion{T = 5, C_{v,S} = 1.0, C_{v,T} = 0.1}
                                                  
I've inserted a begin-math/end-math symbol since I think
you left one out. Proceed, with fingers crossed.

./Report_Vacci-Nation.tex:538: Missing $ inserted.
<inserted text> 
                $
l.538 ...tion{T = 5, C_{v,S} = 1.0, C_{v,T} = 0.1}
                                                  
I've inserted a begin-math/end-math symbol since I think
you left one out. Proceed, with fingers crossed.

./Report_Vacci-Nation.tex:538: Missing $ inserted.
<inserted text> 
                $
l.538 ...tion{T = 5, C_{v,S} = 1.0, C_{v,T} = 0.1}
                                                  
I've inserted a begin-math/end-math symbol since I think
you left one out. Proceed, with fingers crossed.

./Report_Vacci-Nation.tex:538: Missing $ inserted.
<inserted text> 
                $
l.538 ...tion{T = 5, C_{v,S} = 1.0, C_{v,T} = 0.1}
                                                  
I've inserted a begin-math/end-math symbol since I think
you left one out. Proceed, with fingers crossed.


</Users/JuliusSiebenaller/Desktop/Vacci-Nation/Report/Plots/T5cvs10cvt05.png, i
d=362, 462.528pt x 342.5598pt>
File: /Users/JuliusSiebenaller/Desktop/Vacci-Nation/Report/Plots/T5cvs10cvt05.p
ng Graphic file (type png)

<use /Users/JuliusSiebenaller/Desktop/Vacci-Nation/Report/Plots/T5cvs10cvt05.pn
g>
Package pdftex.def Info: /Users/JuliusSiebenaller/Desktop/Vacci-Nation/Report/P
lots/T5cvs10cvt05.png used on input line 542.
(pdftex.def)             Requested size: 188.21288pt x 139.39455pt.

./Report_Vacci-Nation.tex:543: Missing $ inserted.
<inserted text> 
                $
l.543 ...tion{T = 5, C_{v,S} = 1.0, C_{v,T} = 0.5}
                                                  
I've inserted a begin-math/end-math symbol since I think
you left one out. Proceed, with fingers crossed.

./Report_Vacci-Nation.tex:543: Missing $ inserted.
<inserted text> 
                $
l.543 ...tion{T = 5, C_{v,S} = 1.0, C_{v,T} = 0.5}
                                                  
I've inserted a begin-math/end-math symbol since I think
you left one out. Proceed, with fingers crossed.

./Report_Vacci-Nation.tex:543: Missing $ inserted.
<inserted text> 
                $
l.543 ...tion{T = 5, C_{v,S} = 1.0, C_{v,T} = 0.5}
                                                  
I've inserted a begin-math/end-math symbol since I think
you left one out. Proceed, with fingers crossed.

./Report_Vacci-Nation.tex:543: Missing $ inserted.
<inserted text> 
                $
l.543 ...tion{T = 5, C_{v,S} = 1.0, C_{v,T} = 0.5}
                                                  
I've inserted a begin-math/end-math symbol since I think
you left one out. Proceed, with fingers crossed.


LaTeX Warning: Float too large for page by 99.6255pt on input line 547.


</Users/JuliusSiebenaller/Desktop/Vacci-Nation/Report/Plots/T10cvs005cvt001.png
, id=363, 462.528pt x 342.5598pt>
File: /Users/JuliusSiebenaller/Desktop/Vacci-Nation/Report/Plots/T10cvs005cvt00
1.png Graphic file (type png)

<use /Users/JuliusSiebenaller/Desktop/Vacci-Nation/Report/Plots/T10cvs005cvt001
.png>
Package pdftex.def Info: /Users/JuliusSiebenaller/Desktop/Vacci-Nation/Report/P
lots/T10cvs005cvt001.png used on input line 554.
(pdftex.def)             Requested size: 188.21288pt x 139.39455pt.

./Report_Vacci-Nation.tex:555: Missing $ inserted.
<inserted text> 
                $
l.555 ...n{T = 10, C_{v,S} = 0.05, C_{v,T} = 0.01}
                                                  
I've inserted a begin-math/end-math symbol since I think
you left one out. Proceed, with fingers crossed.

./Report_Vacci-Nation.tex:555: Missing $ inserted.
<inserted text> 
                $
l.555 ...n{T = 10, C_{v,S} = 0.05, C_{v,T} = 0.01}
                                                  
I've inserted a begin-math/end-math symbol since I think
you left one out. Proceed, with fingers crossed.

./Report_Vacci-Nation.tex:555: Missing $ inserted.
<inserted text> 
                $
l.555 ...n{T = 10, C_{v,S} = 0.05, C_{v,T} = 0.01}
                                                  
I've inserted a begin-math/end-math symbol since I think
you left one out. Proceed, with fingers crossed.

./Report_Vacci-Nation.tex:555: Missing $ inserted.
<inserted text> 
                $
l.555 ...n{T = 10, C_{v,S} = 0.05, C_{v,T} = 0.01}
                                                  
I've inserted a begin-math/end-math symbol since I think
you left one out. Proceed, with fingers crossed.


</Users/JuliusSiebenaller/Desktop/Vacci-Nation/Report/Plots/T10cvs05cvt01.png, 
id=364, 462.528pt x 342.5598pt>
File: /Users/JuliusSiebenaller/Desktop/Vacci-Nation/Report/Plots/T10cvs05cvt01.
png Graphic file (type png)

<use /Users/JuliusSiebenaller/Desktop/Vacci-Nation/Report/Plots/T10cvs05cvt01.p
ng>
Package pdftex.def Info: /Users/JuliusSiebenaller/Desktop/Vacci-Nation/Report/P
lots/T10cvs05cvt01.png used on input line 559.
(pdftex.def)             Requested size: 188.21288pt x 139.39455pt.

./Report_Vacci-Nation.tex:560: Missing $ inserted.
<inserted text> 
                $
l.560 ...ion{T = 10, C_{v,S} = 0.5, C_{v,T} = 0.1}
                                                  
I've inserted a begin-math/end-math symbol since I think
you left one out. Proceed, with fingers crossed.

./Report_Vacci-Nation.tex:560: Missing $ inserted.
<inserted text> 
                $
l.560 ...ion{T = 10, C_{v,S} = 0.5, C_{v,T} = 0.1}
                                                  
I've inserted a begin-math/end-math symbol since I think
you left one out. Proceed, with fingers crossed.

./Report_Vacci-Nation.tex:560: Missing $ inserted.
<inserted text> 
                $
l.560 ...ion{T = 10, C_{v,S} = 0.5, C_{v,T} = 0.1}
                                                  
I've inserted a begin-math/end-math symbol since I think
you left one out. Proceed, with fingers crossed.

./Report_Vacci-Nation.tex:560: Missing $ inserted.
<inserted text> 
                $
l.560 ...ion{T = 10, C_{v,S} = 0.5, C_{v,T} = 0.1}
                                                  
I've inserted a begin-math/end-math symbol since I think
you left one out. Proceed, with fingers crossed.


</Users/JuliusSiebenaller/Desktop/Vacci-Nation/Report/Plots/T30cvs03cvt01.png, 
id=365, 642.4pt x 481.8pt>
File: /Users/JuliusSiebenaller/Desktop/Vacci-Nation/Report/Plots/T30cvs03cvt01.
png Graphic file (type png)

<use /Users/JuliusSiebenaller/Desktop/Vacci-Nation/Report/Plots/T30cvs03cvt01.p
ng>
Package pdftex.def Info: /Users/JuliusSiebenaller/Desktop/Vacci-Nation/Report/P
lots/T30cvs03cvt01.png used on input line 564.
(pdftex.def)             Requested size: 188.21288pt x 141.15935pt.

./Report_Vacci-Nation.tex:565: Missing $ inserted.
<inserted text> 
                $
l.565 ...ion{T = 30, C_{v,S} = 0.3, C_{v,T} = 0.1}
                                                  
I've inserted a begin-math/end-math symbol since I think
you left one out. Proceed, with fingers crossed.

./Report_Vacci-Nation.tex:565: Missing $ inserted.
<inserted text> 
                $
l.565 ...ion{T = 30, C_{v,S} = 0.3, C_{v,T} = 0.1}
                                                  
I've inserted a begin-math/end-math symbol since I think
you left one out. Proceed, with fingers crossed.

./Report_Vacci-Nation.tex:565: Missing $ inserted.
<inserted text> 
                $
l.565 ...ion{T = 30, C_{v,S} = 0.3, C_{v,T} = 0.1}
                                                  
I've inserted a begin-math/end-math symbol since I think
you left one out. Proceed, with fingers crossed.

./Report_Vacci-Nation.tex:565: Missing $ inserted.
<inserted text> 
                $
l.565 ...ion{T = 30, C_{v,S} = 0.3, C_{v,T} = 0.1}
                                                  
I've inserted a begin-math/end-math symbol since I think
you left one out. Proceed, with fingers crossed.


</Users/JuliusSiebenaller/Desktop/Vacci-Nation/Report/Plots/T30cvs30cvt10.png, 
id=366, 642.4pt x 481.8pt>
File: /Users/JuliusSiebenaller/Desktop/Vacci-Nation/Report/Plots/T30cvs30cvt10.
png Graphic file (type png)

<use /Users/JuliusSiebenaller/Desktop/Vacci-Nation/Report/Plots/T30cvs30cvt10.p
ng>
Package pdftex.def Info: /Users/JuliusSiebenaller/Desktop/Vacci-Nation/Report/P
lots/T30cvs30cvt10.png used on input line 569.
(pdftex.def)             Requested size: 188.21288pt x 141.15935pt.

./Report_Vacci-Nation.tex:570: Missing $ inserted.
<inserted text> 
                $
l.570 ...ion{T = 30, C_{v,S} = 3.0, C_{v,T} = 1.0}
                                                  
I've inserted a begin-math/end-math symbol since I think
you left one out. Proceed, with fingers crossed.

./Report_Vacci-Nation.tex:570: Missing $ inserted.
<inserted text> 
                $
l.570 ...ion{T = 30, C_{v,S} = 3.0, C_{v,T} = 1.0}
                                                  
I've inserted a begin-math/end-math symbol since I think
you left one out. Proceed, with fingers crossed.

./Report_Vacci-Nation.tex:570: Missing $ inserted.
<inserted text> 
                $
l.570 ...ion{T = 30, C_{v,S} = 3.0, C_{v,T} = 1.0}
                                                  
I've inserted a begin-math/end-math symbol since I think
you left one out. Proceed, with fingers crossed.

./Report_Vacci-Nation.tex:570: Missing $ inserted.
<inserted text> 
                $
l.570 ...ion{T = 30, C_{v,S} = 3.0, C_{v,T} = 1.0}
                                                  
I've inserted a begin-math/end-math symbol since I think
you left one out. Proceed, with fingers crossed.


</Users/JuliusSiebenaller/Desktop/Vacci-Nation/Report/Plots/pvid1.png, id=367, 
642.4pt x 481.8pt>
File: /Users/JuliusSiebenaller/Desktop/Vacci-Nation/Report/Plots/pvid1.png Grap
hic file (type png)

<use /Users/JuliusSiebenaller/Desktop/Vacci-Nation/Report/Plots/pvid1.png>
Package pdftex.def Info: /Users/JuliusSiebenaller/Desktop/Vacci-Nation/Report/P
lots/pvid1.png used on input line 581.
(pdftex.def)             Requested size: 188.21288pt x 141.15935pt.

</Users/JuliusSiebenaller/Desktop/Vacci-Nation/Report/Plots/pvid2.png, id=368, 
642.4pt x 481.8pt>
File: /Users/JuliusSiebenaller/Desktop/Vacci-Nation/Report/Plots/pvid2.png Grap
hic file (type png)

<use /Users/JuliusSiebenaller/Desktop/Vacci-Nation/Report/Plots/pvid2.png>
Package pdftex.def Info: /Users/JuliusSiebenaller/Desktop/Vacci-Nation/Report/P
lots/pvid2.png used on input line 586.
(pdftex.def)             Requested size: 188.21288pt x 141.15935pt.

./Report_Vacci-Nation.tex:587: Missing $ inserted.
<inserted text> 
                $
l.587     \caption{C_{v,S} = 0.25, C_{v,T} = 0.05}
                                                  
I've inserted a begin-math/end-math symbol since I think
you left one out. Proceed, with fingers crossed.

./Report_Vacci-Nation.tex:587: Missing $ inserted.
<inserted text> 
                $
l.587     \caption{C_{v,S} = 0.25, C_{v,T} = 0.05}
                                                  
I've inserted a begin-math/end-math symbol since I think
you left one out. Proceed, with fingers crossed.

./Report_Vacci-Nation.tex:587: Missing $ inserted.
<inserted text> 
                $
l.587     \caption{C_{v,S} = 0.25, C_{v,T} = 0.05}
                                                  
I've inserted a begin-math/end-math symbol since I think
you left one out. Proceed, with fingers crossed.

./Report_Vacci-Nation.tex:587: Missing $ inserted.
<inserted text> 
                $
l.587     \caption{C_{v,S} = 0.25, C_{v,T} = 0.05}
                                                  
I've inserted a begin-math/end-math symbol since I think
you left one out. Proceed, with fingers crossed.

[19

 </Users/JuliusSiebenaller/Desktop/Vacci-Nation/Report/Plots/pv1_1.png (PNG cop
y)> </Users/JuliusSiebenaller/Desktop/Vacci-Nation/Report/Plots/pv1_2.png (PNG 
copy)> </Users/JuliusSiebenaller/Desktop/Vacci-Nation/Report/Plots/pv2_1.png (P
NG copy)> </Users/JuliusSiebenaller/Desktop/Vacci-Nation/Report/Plots/pv2_2.png
 (PNG copy)>] [20 </Users/JuliusSiebenaller/Desktop/Vacci-Nation/Report/Plots/T
2cvs005cvt001.png> </Users/JuliusSiebenaller/Desktop/Vacci-Nation/Report/Plots/
T2cvs005cvt002.png> </Users/JuliusSiebenaller/Desktop/Vacci-Nation/Report/Plots
/T2cvs01cvt001.png> </Users/JuliusSiebenaller/Desktop/Vacci-Nation/Report/Plots
/T2cvs01cvt002.png> </Users/JuliusSiebenaller/Desktop/Vacci-Nation/Report/Plots
/T5cvs005cvt001.png> </Users/JuliusSiebenaller/Desktop/Vacci-Nation/Report/Plot
s/T5cvs05cvt01.png> </Users/JuliusSiebenaller/Desktop/Vacci-Nation/Report/Plots
/T5cvs10cvt01.png> </Users/JuliusSiebenaller/Desktop/Vacci-Nation/Report/Plots/
T5cvs10cvt05.png>] [21 </Users/JuliusSiebenaller/Desktop/Vacci-Nation/Report/Pl
ots/T10cvs005cvt001.png> </Users/JuliusSiebenaller/Desktop/Vacci-Nation/Report/
Plots/T10cvs05cvt01.png> </Users/JuliusSiebenaller/Desktop/Vacci-Nation/Report/
Plots/T30cvs03cvt01.png (PNG copy)> </Users/JuliusSiebenaller/Desktop/Vacci-Nat
ion/Report/Plots/T30cvs30cvt10.png (PNG copy)>] [22 </Users/JuliusSiebenaller/D
esktop/Vacci-Nation/Report/Plots/pvid1.png (PNG copy)> </Users/JuliusSiebenalle
r/Desktop/Vacci-Nation/Report/Plots/pvid2.png (PNG copy)>]
(./Report_Vacci-Nation.bbl [23

]
Underfull \hbox (badness 1122) in paragraph at lines 141--144
[]\OT1/cmr/m/n/12 Watts, D. J. and Stro-gatz, S. H. (1998), `Col-lec-tive dy-na
m-ics of 'small-
 []

) [24]
Package atveryend Info: Empty hook `BeforeClearDocument' on input line 605.
Package atveryend Info: Empty hook `AfterLastShipout' on input line 605.
 (./Report_Vacci-Nation.aux)
Package atveryend Info: Executing hook `AtVeryEndDocument' on input line 605.
Package atveryend Info: Executing hook `AtEndAfterFileList' on input line 605.
Package rerunfilecheck Info: File `Report_Vacci-Nation.out' has not changed.
(rerunfilecheck)             Checksum: 29A546F0EBBC02047040DEA3FF83D415;856.


LaTeX Warning: There were undefined references.

Package atveryend Info: Empty hook `AtVeryVeryEnd' on input line 605.
 ) 
Here is how much of TeX's memory you used:
 8374 strings out of 493014
 129091 string characters out of 6133351
 224209 words of memory out of 5000000
 11680 multiletter control sequences out of 15000+600000
 17106 words of font info for 65 fonts, out of 8000000 for 9000
 1141 hyphenation exceptions out of 8191
 36i,17n,39p,1432b,527s stack positions out of 5000i,500n,10000p,200000b,80000s
</usr/local/texlive/2016/texmf-dist/fonts/type1/public/amsfonts/cm/cmbx12.pfb
></usr/local/texlive/2016/texmf-dist/fonts/type1/public/amsfonts/cm/cmex10.pfb>
</usr/local/texlive/2016/texmf-dist/fonts/type1/public/amsfonts/cm/cmmi10.pfb><
/usr/local/texlive/2016/texmf-dist/fonts/type1/public/amsfonts/cm/cmmi12.pfb></
usr/local/texlive/2016/texmf-dist/fonts/type1/public/amsfonts/cm/cmmi6.pfb></us
r/local/texlive/2016/texmf-dist/fonts/type1/public/amsfonts/cm/cmmi7.pfb></usr/
local/texlive/2016/texmf-dist/fonts/type1/public/amsfonts/cm/cmmi8.pfb></usr/lo
cal/texlive/2016/texmf-dist/fonts/type1/public/amsfonts/cm/cmr10.pfb></usr/loca
l/texlive/2016/texmf-dist/fonts/type1/public/amsfonts/cm/cmr12.pfb></usr/local/
texlive/2016/texmf-dist/fonts/type1/public/amsfonts/cm/cmr17.pfb></usr/local/te
xlive/2016/texmf-dist/fonts/type1/public/amsfonts/cm/cmr6.pfb></usr/local/texli
ve/2016/texmf-dist/fonts/type1/public/amsfonts/cm/cmr8.pfb></usr/local/texlive/
2016/texmf-dist/fonts/type1/public/amsfonts/cm/cmr9.pfb></usr/local/texlive/201
6/texmf-dist/fonts/type1/public/amsfonts/cm/cmsy10.pfb></usr/local/texlive/2016
/texmf-dist/fonts/type1/public/amsfonts/cm/cmsy6.pfb></usr/local/texlive/2016/t
exmf-dist/fonts/type1/public/amsfonts/cm/cmsy8.pfb></usr/local/texlive/2016/tex
mf-dist/fonts/type1/public/amsfonts/cm/cmti12.pfb></usr/local/texlive/2016/texm
f-dist/fonts/type1/public/amsfonts/symbols/msbm10.pfb>
Output written on Report_Vacci-Nation.pdf (24 pages, 1013586 bytes).
PDF statistics:
 488 PDF objects out of 1000 (max. 8388607)
 410 compressed objects within 5 object streams
 105 named destinations out of 1000 (max. 500000)
 208 words of extra memory for PDF output out of 10000 (max. 10000000)

